<?xml version="1.0" encoding="UTF-8" ?>
<testsuite errors="0" failures="0" hostname="NCDWIN7PXD0283" name="com.wm.ps.test.WmTestSuite [FibonachiTest]" tests="2" time="0.172" timestamp="2017-06-07T12:01:44">
  <properties>
    <property name="java.vendor" value="Oracle Corporation" />
    <property name="isTests" value="C:/git/webMethods-Project-master/assets/IS/Tests" />
    <property name="sun.java.launcher" value="SUN_STANDARD" />
    <property name="testISUsername" value="Administrator&#x9;" />
    <property name="sun.management.compiler" value="HotSpot Client Compiler" />
    <property name="os.name" value="Windows 7" />
    <property name="rulesProjectsDir" value="C:\Program Files (x86)\Jenkins\workspace\Sample1\assets\Rules" />
    <property name="sun.boot.class.path" value="C:\Program Files (x86)\Java\jre1.8.0_121\lib\resources.jar;C:\Program Files (x86)\Java\jre1.8.0_121\lib\rt.jar;C:\Program Files (x86)\Java\jre1.8.0_121\lib\sunrsasign.jar;C:\Program Files (x86)\Java\jre1.8.0_121\lib\jsse.jar;C:\Program Files (x86)\Java\jre1.8.0_121\lib\jce.jar;C:\Program Files (x86)\Java\jre1.8.0_121\lib\charsets.jar;C:\Program Files (x86)\Java\jre1.8.0_121\lib\jfr.jar;C:\Program Files (x86)\Java\jre1.8.0_121\classes" />
    <property name="workspace.dir" value="C:\Program Files (x86)\Jenkins\workspace\Sample1" />
    <property name="sun.desktop" value="windows" />
    <property name="isPackages" value="C:/SoftwareAG/IntegrationServer/instances/default/packages" />
    <property name="ant.file.type.ProjectInitializer" value="file" />
    <property name="java.vm.specification.vendor" value="Oracle Corporation" />
    <property name="SAGHome" value="C:/SoftwareAG" />
    <property name="ant.home" value="C:\SoftwareAG\common\AssetBuildEnvironment\ant\bin\.." />
    <property name="abeHome" value="C:/SoftwareAG/common/AssetBuildEnvironment" />
    <property name="java.runtime.version" value="1.8.0_121-b13" />
    <property name="isProjectsDir" value="C:\SoftwareAG\IntegrationServer\instances\default\packages" />
    <property name="ant.file.Build and Deploy Solution" value="C:\git\WM-Assets\build.xml" />
    <property name="user.name" value="NCDWIN7PXD0283$" />
    <property name="isTestDir" value="C:\git\webMethods-Project-master\assets\IS\Tests" />
    <property name="isWindows" value="true" />
    <property name="bpmProjectsDir" value="C:\Program Files (x86)\Jenkins\workspace\Sample1\assets\BPM" />
    <property name="user.language" value="en" />
    <property name="sun.boot.library.path" value="C:\Program Files (x86)\Java\jre1.8.0_121\bin" />
    <property name="ant.file.type.Build" value="file" />
    <property name="ant.project.default-target" value="buildDeployTest" />
    <property name="ant.file.type.Deploy" value="file" />
    <property name="ant.project.name" value="Build and Deploy Solution" />
    <property name="java.version" value="1.8.0_121" />
    <property name="deployerHost" value="localhost" />
    <property name="user.timezone" value="" />
    <property name="ant.file.Build" value="C:\git\WM-Assets\buildCallABE.xml" />
    <property name="sun.arch.data.model" value="32" />
    <property name="buildOutputDir" value="C:\Program Files (x86)\Jenkins\workspace\Sample1/target/Sample1/build" />
    <property name="fileBasename" value="FibonachiTest" />
    <property name="mwsProjects" value="./assets/MWS/" />
    <property name="java.endorsed.dirs" value="C:\Program Files (x86)\Java\jre1.8.0_121\lib\endorsed" />
    <property name="sun.cpu.isalist" value="pentium_pro+mmx pentium_pro pentium+mmx pentium i486 i386 i86" />
    <property name="sun.jnu.encoding" value="Cp1252" />
    <property name="file.encoding.pkg" value="sun.io" />
    <property name="projectName" value="Sample1" />
    <property name="file.separator" value="\" />
    <property name="java.specification.name" value="Java Platform API Specification" />
    <property name="testPackageName" value="C:\git\webMethods-Project-master\assets\IS\Tests\FibonachiTest" />
    <property name="repositoryName" value="Sample1Repo" />
    <property name="webMethods.test.setup.filename" value="C:\git\webMethods-Project-master\assets\IS\Tests\FibonachiTest\resources\test\xml\setup\FibonachiTest.xml" />
    <property name="java.class.version" value="52.0" />
    <property name="user.country" value="AU" />
    <property name="webMethods.integrationServer.userid" value="Administrator&#x9;" />
    <property name="java.home" value="C:\Program Files (x86)\Java\jre1.8.0_121" />
    <property name="deployerProjectDefinitionTemplate" value="resources/ProjectSpecificationTemplate.xml" />
    <property name="java.vm.info" value="mixed mode, sharing" />
    <property name="ant.file" value="C:\git\WM-Assets\build.xml" />
    <property name="os.version" value="6.1" />
    <property name="bpmProjects" value="./assets/BPM/" />
    <property name="path.separator" value=";" />
    <property name="java.vm.version" value="25.121-b13" />
    <property name="ant.file.type.Build and Deploy Solution" value="file" />
    <property name="abeBuildfileDir" value="master_build" />
    <property name="user.variant" value="" />
    <property name="ant.library.dir" value="C:\SoftwareAG\common\AssetBuildEnvironment\ant\lib" />
    <property name="webMethods.integrationServer.port" value="6002" />
    <property name="java.awt.printerjob" value="sun.awt.windows.WPrinterJob" />
    <property name="sun.io.unicode.encoding" value="UnicodeLittle" />
    <property name="awt.toolkit" value="sun.awt.windows.WToolkit" />
    <property name="rulesProjects" value="./assets/Rules/" />
    <property name="user.script" value="" />
    <property name="testISHost" value="ncdlstrisd0001" />
    <property name="user.home" value="C:\windows\system32\config\systemprofile" />
    <property name="mwsProjectsDir" value="C:\Program Files (x86)\Jenkins\workspace\Sample1\assets\MWS" />
    <property name="java.specification.vendor" value="Oracle Corporation" />
    <property name="java.vendor.url" value="http://java.oracle.com/" />
    <property name="java.library.path" value="C:\Program Files (x86)\Java\jre1.8.0_121\bin;C:\windows\Sun\Java\bin;C:\windows\system32;C:\windows;C:\PROGRA~2\CA\SC\etpki\lib;C:\Program Files (x86)\CA\SharedComponents\PEC\bin;C:\ProgramData\Oracle\Java\javapath;C:\Informatica\9.1.0\DataTransformation\bin;C:\Informatica\9.1.0\clients\tools\datadirect;C:\Informatica\9.1.0\clients\DeveloperClient\bin;C:\Informatica\9.1.0\clients\java\jre\bin\server;C:\Program Files (x86)\CA\SC\CAWIN\;C:\windows\system32;C:\windows;C:\windows\System32\Wbem;C:\windows\System32\WindowsPowerShell\v1.0\;C:\Oracle\BIToolsHome_1\jre\1.4.2\bin\;C:\Oracle\BIToolsHome_1\jre\1.4.2\bin\client\;C:\Oracle\BIToolsHome_1\jlib\;C:\Oracle\BIToolsHome_1\bin\;C:\Program Files\Citrix\System32\;C:\Program Files\Citrix\Virtual Desktop Agent\;C:\Program Files\Citrix\ICAService\;C:\PROGRA~2\CA\SC\CAM\bin;C:\Program Files (x86)\CA\SC\Csam\SockAdapter\bin;C:\Program Files (x86)\CA\SC\CBB\;C:\Program Files (x86)\CA\DSM\bin;C:\Program Files (x86)\CA\SC\DTS\bin\;C:\Program Files (x86)\CA\Cryptography\;C:\Program Files (x86)\CA\SCM;C:\Program Files (x86)\CA\SC\Csam\SockAdapter\bin;C:\Program Files (x86)\CA\SC\Csam\SockAdapter\bin64;C:\Program Files\Git\cmd;C:\Program Files (x86)\TortoiseSVN\bin;." />
    <property name="resourcesFolder" value="C:\git\webMethods-Project-master\assets\IS\Tests\FibonachiTest/resources" />
    <property name="ant.file.testBuild" value="C:\Program Files (x86)\Jenkins\workspace\Sample1\build.xml" />
    <property name="java.vm.vendor" value="Oracle Corporation" />
    <property name="java.runtime.name" value="Java(TM) SE Runtime Environment" />
    <property name="ant.version" value="Apache Ant(TM) version 1.8.2 compiled on December 20 2010" />
    <property name="sun.java.command" value="org.apache.tools.ant.taskdefs.optional.junit.JUnitTestRunner com.wm.ps.test.WmTestSuite filtertrace=true haltOnError=false haltOnFailure=false formatter=org.apache.tools.ant.taskdefs.optional.junit.SummaryJUnitResultFormatter showoutput=true outputtoformatters=true logfailedtests=true logtestlistenerevents=false formatter=org.apache.tools.ant.taskdefs.optional.junit.XMLJUnitResultFormatter,C:\git\webMethods-Project-master\assets\IS\Tests\FibonachiTest\resources\reports\TEST-FibonachiTest.xml crashfile=C:\git\WM-Assets\junitvmwatcher3810396265055831070.properties propsfile=C:\git\WM-Assets\junit6860117851489225957.properties" />
    <property name="java.class.path" value="C:\SoftwareAG\common\lib\ext\enttoolkit.jar;C:\SoftwareAG\common\lib\glassfish\gf.javax.mail.jar;C:\SoftwareAG\common\lib\wm-isclient.jar;C:\SoftwareAG\IntegrationServer\lib\wm-isserver.jar;C:\git\WM-Assets\lib\httpunit.jar;C:\git\WM-Assets\lib\junit-4.8.2.jar;C:\git\WM-Assets\lib\xmlunit1.0.jar;C:\git\WM-Assets\lib\serviceInterceptor.jar;C:\git\WM-Assets\lib\serviceMockClient.jar;C:\SoftwareAG\common\AssetBuildEnvironment\ant\lib\ant-launcher.jar;C:\SoftwareAG\common\AssetBuildEnvironment\ant\lib\ant.jar;C:\SoftwareAG\common\AssetBuildEnvironment\ant\lib\ant-junit.jar;C:\SoftwareAG\common\AssetBuildEnvironment\ant\lib\ant-junit4.jar" />
    <property name="deployerPort" value="5555" />
    <property name="umProjectsDir" value="C:\Program Files (x86)\Jenkins\workspace\Sample1\assets\UniversalMessaging" />
    <property name="java.vm.specification.name" value="Java Virtual Machine Specification" />
    <property name="ant.file.type" value="file" />
    <property name="umExport" value="./assets/UniversalMessaging" />
    <property name="java.vm.specification.version" value="1.8" />
    <property name="sun.cpu.endian" value="little" />
    <property name="sun.os.patch.level" value="Service Pack 1" />
    <property name="deployerInstallationPath" value="C:/SoftwareAG/IntegrationServer/instances/default/packages/WmDeployer/bin/" />
    <property name="java.io.tmpdir" value="C:\windows\TEMP\" />
    <property name="testPackageNamePattern" value="*_Test" />
    <property name="java.vendor.url.bug" value="http://bugreport.sun.com/bugreport/" />
    <property name="ant.file.test" value="C:\git\WM-Assets\buildTest.xml" />
    <property name="webMethods.integrationServer.name" value="ncdlstrisd0001" />
    <property name="ant.file.type.test" value="file" />
    <property name="jenkinsReportDir" value="C:\Program Files (x86)\Jenkins\workspace\Sample1/report" />
    <property name="java.awt.graphicsenv" value="sun.awt.Win32GraphicsEnvironment" />
    <property name="failedTestList" value="" />
    <property name="os.arch" value="x86" />
    <property name="deployerProjectDefinition" value="C:\Program Files (x86)\Jenkins\workspace\Sample1/ProjectAutomator/Sample1DeploymentSpec.xml" />
    <property name="java.ext.dirs" value="C:\Program Files (x86)\Java\jre1.8.0_121\lib\ext;C:\windows\Sun\Java\lib\ext" />
    <property name="ant.file.type.testBuild" value="file" />
    <property name="user.dir" value="C:\git\webMethods-Project-master\assets\IS\Tests\FibonachiTest" />
    <property name="testPackageReportsDir" value="C:\git\webMethods-Project-master\assets\IS\Tests\FibonachiTest/resources/reports" />
    <property name="ant.file.Deploy" value="C:\git\WM-Assets\buildDeployer.xml" />
    <property name="abeBuildPropertiesReference" value="master_build_Reference/build.properties" />
    <property name="line.separator" value="&#xd;&#xa;" />
    <property name="java.vm.name" value="Java HotSpot(TM) Client VM" />
    <property name="isConfigDir" value="" />
    <property name="SAG_CI_HOME" value="C:/git/WM-Assets" />
    <property name="basedir" value="C:\git\WM-Assets" />
    <property name="deployerPassword" value="manage" />
    <property name="ant.file.ProjectInitializer" value="C:\git\WM-Assets\buildInitProject.xml" />
    <property name="ant.java.version" value="1.7" />
    <property name="ant.core.lib" value="C:\SoftwareAG\common\AssetBuildEnvironment\ant\lib\ant.jar" />
    <property name="file.encoding" value="Cp1252" />
    <property name="isReportingToJenkins" value="true" />
    <property name="testISPort" value="6002" />
    <property name="abeBuildfileFile" value="build.xml" />
    <property name="webMethods.integrationServer.password" value="manage" />
    <property name="deployerUsername" value="Administrator" />
    <property name="initialXSLT" value="resources/setUpInitial.xslt" />
    <property name="testSuitePackagesPath" value="C:\git\webMethods-Project-master\assets\IS\Tests" />
    <property name="java.specification.version" value="1.8" />
    <property name="testISPassword" value="manage" />
    <property name="ant.project.invoked-targets" value="junitTestAndReportXML" />
  </properties>
  <testcase classname="com.wm.ps.test.WmTestCase" name="Straigt Case" time="0.078" />
  <testcase classname="com.wm.ps.test.WmTestCase" name="TestException" time="0.082" />
  <system-out><![CDATA[]]></system-out>
  <system-err><![CDATA[]]></system-err>
</testsuite>
